Arguments: 
  C:\Program Files\nodejs\node.exe C:\Program Files (x86)\Yarn\bin\yarn.js add babel-core -D

PATH: 
  D:\software\cmder\bin;D:\software\cmder\vendor\conemu-maximus5\ConEmu\Scripts;D:\software\cmder\vendor\conemu-maximus5;D:\software\cmder\vendor\conemu-maximus5\ConEmu;C:\Program Files\ImageMagick-7.0.7-Q16;C:\Windows\system32;C:\Windows;C:\Windows\System32\Wbem;C:\Windows\System32\WindowsPowerShell\v1.0\;C:\Program Files\Git\cmd;D:\software\JAVA\jdk1.8.0_151\bin;D:\software\JAVA\jdk1.8.0_151\jre\bin;D:\software\cmder;C:\Program Files (x86)\Yarn\bin;node_global;C:\Program Files\TortoiseSVN\bin;C:\Users\Administrator\AppData\Roaming\nvm;C:\Program Files\nodejs;%MARVEN_HOME%\bin;C:\HashiCorp\Vagrant\bin;D:\asiainfo\tools\apache-maven-3.2.5\\bin;D:\asiainfo\tools\database\Oracle\;D:\asiainfo\tools\ant\\bin;C:\Users\Administrator\AppData\Local\atom\bin;C:\Users\Administrator\AppData\Roaming\npm;C:\Program Files\Microsoft VS Code\bin;C:\Users\Administrator\AppData\Roaming\nvm;C:\Program Files\nodejs;C:\Users\Administrator\AppData\Local\Programs\Fiddler;d:\Program Files\Docker Toolbox;C:\Program Files\Git\usr\bin;C:\Program Files\Git\usr\share\vim\vim74;D:\software\cmder\

Yarn version: 
  1.3.2

Node version: 
  8.9.3

Platform: 
  win32 x64

npm manifest: 
  {
    "name": "parcel-demo",
    "version": "1.0.0",
    "description": "",
    "main": "index.js",
    "scripts": {
      "test": "echo \"Error: no test specified\" && exit 1"
    },
    "author": "nico1988 <410827024@qq.com>",
    "license": "ISC",
    "devDependencies": {
      "babel-preset-stage-3": "^6.24.1"
    }
  }

yarn manifest: 
  No manifest

Lockfile: 
  No lockfile

Trace: 
  Error: EPERM: operation not permitted, unlink 'D:\IT\apps\parcel\parcel-demo\node_modules\_babel-code-frame@6.26.0@babel-code-frame\lib'
